2026-03-18 07:00:08 | INFO     | trading_bot.cli | Command invoked: place-order | args={'command': 'place-order', 'symbol': 'BTCUSDT', 'side': 'BUY', 'type': 'LIMIT', 'qty': 0.01, 'price': None, 'stop_price': None, 'func': <function cmd_place_order at 0x7ed955f3e2a0>}
2026-03-18 07:00:08 | DEBUG    | trading_bot.client | BinanceClient initialised. base_url=https://testnet.binancefuture.com
2026-03-18 07:00:08 | ERROR    | trading_bot.orders | Validation failed: Price is required and must be positive for LIMIT orders.
2026-03-18 12:36:31 | INFO     | trading_bot.cli | Command invoked: balance | args={'command': 'balance', 'func': <function cmd_balance at 0x000001E1077C5010>}
2026-03-18 12:36:31 | ERROR    | trading_bot.cli | Missing API credentials.
2026-03-18 12:36:39 | INFO     | trading_bot.cli | Command invoked: balance | args={'command': 'balance', 'func': <function cmd_balance at 0x000002471ECC8F60>}
2026-03-18 12:36:39 | ERROR    | trading_bot.cli | Missing API credentials.
2026-03-18 12:41:25 | INFO     | trading_bot.cli | Command invoked: balance | args={'command': 'balance', 'func': <function cmd_balance at 0x000002B54AD18F60>}
2026-03-18 12:41:25 | DEBUG    | trading_bot.client | BinanceClient initialised. base_url=https://testnet.binancefuture.com
2026-03-18 12:41:25 | DEBUG    | trading_bot.client | REQUEST  GET https://testnet.binancefuture.com/fapi/v2/balance | params={'timestamp': 1773817885386, 'signature': 'e0c1b691adf01c832003816591a6bf885d306de82738c061ccef4d9b1c544ab7'} | data={}
2026-03-18 12:41:26 | DEBUG    | trading_bot.client | RESPONSE GET https://testnet.binancefuture.com/fapi/v2/balance | status=400 | body={"code":-1021,"msg":"Timestamp for this request is outside of the recvWindow."}
2026-03-18 12:41:26 | ERROR    | trading_bot.client | API error | code=-1021 | msg=Timestamp for this request is outside of the recvWindow.
2026-03-18 12:43:35 | INFO     | trading_bot.cli | Command invoked: balance | args={'command': 'balance', 'func': <function cmd_balance at 0x0000016C831A8F60>}
2026-03-18 12:43:35 | DEBUG    | trading_bot.client | BinanceClient initialised. base_url=https://testnet.binancefuture.com
2026-03-18 12:43:35 | DEBUG    | trading_bot.client | REQUEST  GET https://testnet.binancefuture.com/fapi/v2/balance | params={'timestamp': 1773818015222, 'signature': '41f66bfe5fc49773cf462f39bdcf20c237411882ddb06d26549e182c0464a1b5'} | data={}
2026-03-18 12:43:36 | DEBUG    | trading_bot.client | RESPONSE GET https://testnet.binancefuture.com/fapi/v2/balance | status=200 | body=[{"accountAlias":"XqAufWAuTifWSg","asset":"FDUSD","balance":"0.00000000","crossWalletBalance":"0.00000000","crossUnPnl":"0.00000000","availableBalance":"0.00000000","maxWithdrawAmount":"0.00000000","marginAvailable":true,"updateTime":0},{"accountAlias":"XqAufWAuTifWSg","asset":"BNB","balance":"0.00000000","crossWalletBalance":"0.00000000","crossUnPnl":"0.00000000","availableBalance":"0.00000000","maxWithdrawAmount":"0.00000000","marginAvailable":true,"updateTime":0},{"accountAlias":"XqAufWAuTifW
2026-03-18 12:44:00 | INFO     | trading_bot.cli | Command invoked: place-order | args={'command': 'place-order', 'symbol': 'BTCUSDT', 'side': 'BUY', 'type': 'MARKET', 'qty': 0.01, 'price': None, 'stop_price': None, 'func': <function cmd_place_order at 0x000001E20C368E00>}
2026-03-18 12:44:00 | DEBUG    | trading_bot.client | BinanceClient initialised. base_url=https://testnet.binancefuture.com
2026-03-18 12:44:00 | INFO     | trading_bot.orders | Order summary: {'symbol': 'BTCUSDT', 'side': 'BUY', 'order_type': 'MARKET', 'quantity': 0.01, 'price': None, 'stop_price': None}
2026-03-18 12:44:00 | INFO     | trading_bot.client | Placing order | {'symbol': 'BTCUSDT', 'side': 'BUY', 'type': 'MARKET', 'quantity': '0.01'}
2026-03-18 12:44:00 | DEBUG    | trading_bot.client | REQUEST  POST https://testnet.binancefuture.com/fapi/v1/order | params={} | data={'symbol': 'BTCUSDT', 'side': 'BUY', 'type': 'MARKET', 'quantity': '0.01', 'timestamp': 1773818040986, 'signature': 'bc250d393555dd9ab192a201f26cefa6b0f6493eb5ff71265c9ad178684c3e10'}
2026-03-18 12:44:01 | DEBUG    | trading_bot.client | RESPONSE POST https://testnet.binancefuture.com/fapi/v1/order | status=200 | body={"orderId":12857223475,"symbol":"BTCUSDT","status":"NEW","clientOrderId":"roz0flXSAJtYDzXSGKCJZk","price":"0.00","avgPrice":"0.00","origQty":"0.010","executedQty":"0.000","cumQty":"0.000","cumQuote":"0.00000","timeInForce":"GTC","type":"MARKET","reduceOnly":false,"closePosition":false,"side":"BUY","positionSide":"BOTH","stopPrice":"0.00","workingType":"CONTRACT_PRICE","priceProtect":false,"origType":"MARKET","priceMatch":"NONE","selfTradePreventionMode":"EXPIRE_MAKER","goodTillDate":0,"updateTim
2026-03-18 12:44:01 | INFO     | trading_bot.orders | Order placed successfully: orderId=12857223475 status=NEW
2026-03-18 12:44:08 | INFO     | trading_bot.cli | Command invoked: place-order | args={'command': 'place-order', 'symbol': 'BTCUSDT', 'side': 'SELL', 'type': 'LIMIT', 'qty': 0.01, 'price': 99000.0, 'stop_price': None, 'func': <function cmd_place_order at 0x00000228F2398E00>}
2026-03-18 12:44:08 | DEBUG    | trading_bot.client | BinanceClient initialised. base_url=https://testnet.binancefuture.com
2026-03-18 12:44:08 | INFO     | trading_bot.orders | Order summary: {'symbol': 'BTCUSDT', 'side': 'SELL', 'order_type': 'LIMIT', 'quantity': 0.01, 'price': 99000.0, 'stop_price': None}
2026-03-18 12:44:08 | INFO     | trading_bot.client | Placing order | {'symbol': 'BTCUSDT', 'side': 'SELL', 'type': 'LIMIT', 'quantity': '0.01', 'price': '99000.0', 'timeInForce': 'GTC'}
2026-03-18 12:44:08 | DEBUG    | trading_bot.client | REQUEST  POST https://testnet.binancefuture.com/fapi/v1/order | params={} | data={'symbol': 'BTCUSDT', 'side': 'SELL', 'type': 'LIMIT', 'quantity': '0.01', 'price': '99000.0', 'timeInForce': 'GTC', 'timestamp': 1773818048743, 'signature': '61b1d4d51f4a5915f450cf180cc7e74b3c2374182419a912c6f341f7853d5891'}
2026-03-18 12:44:09 | DEBUG    | trading_bot.client | RESPONSE POST https://testnet.binancefuture.com/fapi/v1/order | status=200 | body={"orderId":12857224857,"symbol":"BTCUSDT","status":"NEW","clientOrderId":"p5qHZUdstxeXt39ccGvZP1","price":"99000.00","avgPrice":"0.00","origQty":"0.010","executedQty":"0.000","cumQty":"0.000","cumQuote":"0.00000","timeInForce":"GTC","type":"LIMIT","reduceOnly":false,"closePosition":false,"side":"SELL","positionSide":"BOTH","stopPrice":"0.00","workingType":"CONTRACT_PRICE","priceProtect":false,"origType":"LIMIT","priceMatch":"NONE","selfTradePreventionMode":"EXPIRE_MAKER","goodTillDate":0,"update
2026-03-18 12:44:09 | INFO     | trading_bot.orders | Order placed successfully: orderId=12857224857 status=NEW
