2025-03-18 10:14:02 | INFO     | trading_bot.cli | Command invoked: place-order | args={'symbol': 'BTCUSDT', 'side': 'BUY', 'type': 'MARKET', 'qty': 0.01, 'price': None, 'stop_price': None, 'command': 'place-order'}
2025-03-18 10:14:02 | DEBUG    | trading_bot.client | BinanceClient initialised. base_url=https://testnet.binancefuture.com
2025-03-18 10:14:02 | INFO     | trading_bot.orders | Order summary: {'symbol': 'BTCUSDT', 'side': 'BUY', 'order_type': 'MARKET', 'quantity': 0.01, 'price': None, 'stop_price': None}
2025-03-18 10:14:02 | DEBUG    | trading_bot.client | REQUEST  POST https://testnet.binancefuture.com/fapi/v1/order | params={} | data={'symbol': 'BTCUSDT', 'side': 'BUY', 'type': 'MARKET', 'quantity': '0.01', 'timestamp': 1710752042451, 'signature': 'a3f9e2c1...'}
2025-03-18 10:14:02 | DEBUG    | trading_bot.client | RESPONSE POST https://testnet.binancefuture.com/fapi/v1/order | status=200 | body={"orderId":3842910,"symbol":"BTCUSDT","status":"FILLED","clientOrderId":"web_abc123","price":"0","avgPrice":"83241.50","origQty":"0.01","executedQty":"0.01","cumQty":"0.01","cumQuote":"832.415","timeInForce":"GTC","type":"MARKET","side":"BUY"}
2025-03-18 10:14:02 | INFO     | trading_bot.orders | Order placed successfully: orderId=3842910 status=FILLED
2025-03-18 10:15:30 | INFO     | trading_bot.cli | Command invoked: place-order | args={'symbol': 'BTCUSDT', 'side': 'SELL', 'type': 'LIMIT', 'qty': 0.01, 'price': 88000.0, 'stop_price': None, 'command': 'place-order'}
2025-03-18 10:15:30 | DEBUG    | trading_bot.client | BinanceClient initialised. base_url=https://testnet.binancefuture.com
2025-03-18 10:15:30 | INFO     | trading_bot.orders | Order summary: {'symbol': 'BTCUSDT', 'side': 'SELL', 'order_type': 'LIMIT', 'quantity': 0.01, 'price': 88000.0, 'stop_price': None}
2025-03-18 10:15:30 | DEBUG    | trading_bot.client | REQUEST  POST https://testnet.binancefuture.com/fapi/v1/order | params={} | data={'symbol': 'BTCUSDT', 'side': 'SELL', 'type': 'LIMIT', 'quantity': '0.01', 'price': '88000.0', 'timeInForce': 'GTC', 'timestamp': 1710752130102, 'signature': 'b7d4f1e8...'}
2025-03-18 10:15:30 | DEBUG    | trading_bot.client | RESPONSE POST https://testnet.binancefuture.com/fapi/v1/order | status=200 | body={"orderId":3842955,"symbol":"BTCUSDT","status":"NEW","clientOrderId":"web_def456","price":"88000.00","avgPrice":"0","origQty":"0.01","executedQty":"0","cumQty":"0","cumQuote":"0","timeInForce":"GTC","type":"LIMIT","side":"SELL"}
2025-03-18 10:15:30 | INFO     | trading_bot.orders | Order placed successfully: orderId=3842955 status=NEW
2025-03-18 10:17:45 | INFO     | trading_bot.cli | Command invoked: place-order | args={'symbol': 'BTCUSDT', 'side': 'BUY', 'type': 'STOP_MARKET', 'qty': 0.01, 'price': None, 'stop_price': 80000.0, 'command': 'place-order'}
2025-03-18 10:17:45 | DEBUG    | trading_bot.client | BinanceClient initialised. base_url=https://testnet.binancefuture.com
2025-03-18 10:17:45 | INFO     | trading_bot.orders | Order summary: {'symbol': 'BTCUSDT', 'side': 'BUY', 'order_type': 'STOP_MARKET', 'quantity': 0.01, 'price': None, 'stop_price': 80000.0}
2025-03-18 10:17:45 | DEBUG    | trading_bot.client | REQUEST  POST https://testnet.binancefuture.com/fapi/v1/order | params={} | data={'symbol': 'BTCUSDT', 'side': 'BUY', 'type': 'STOP_MARKET', 'quantity': '0.01', 'stopPrice': '80000.0', 'timestamp': 1710752265889, 'signature': 'c2a8b5d3...'}
2025-03-18 10:17:45 | DEBUG    | trading_bot.client | RESPONSE POST https://testnet.binancefuture.com/fapi/v1/order | status=200 | body={"orderId":3843021,"symbol":"BTCUSDT","status":"NEW","clientOrderId":"web_ghi789","price":"0","stopPrice":"80000.00","avgPrice":"0","origQty":"0.01","executedQty":"0","cumQty":"0","timeInForce":"GTC","type":"STOP_MARKET","side":"BUY"}
2025-03-18 10:17:45 | INFO     | trading_bot.orders | Order placed successfully: orderId=3843021 status=NEW
2025-03-18 10:19:10 | ERROR    | trading_bot.orders | Validation failed: Invalid side 'LONG'. Must be one of: BUY, SELL
2025-03-18 10:20:05 | INFO     | trading_bot.cli | Command invoked: balance | args={'command': 'balance'}
2025-03-18 10:20:05 | DEBUG    | trading_bot.client | REQUEST  GET https://testnet.binancefuture.com/fapi/v2/balance | params={'timestamp': 1710752405312, 'signature': 'd9e1f7a2...'} | data={}
2025-03-18 10:20:05 | DEBUG    | trading_bot.client | RESPONSE GET https://testnet.binancefuture.com/fapi/v2/balance | status=200 | body=[{"accountAlias":"FuiXSgAuiXS","asset":"USDT","balance":"10000.00","crossWalletBalance":"10000.00","crossUnPnl":"0","availableBalance":"9167.585","maxWithdrawAmount":"9167.585","marginAvailable":true,"updateTime":1710752405000}]
